<?xml version="1.0" encoding="UTF-8"?>
<!-- Generated by org.testng.reporters.JUnitReportReporter -->
<testsuite skipped="0" hostname="NA03OSSTD00196" name="softwareTestingMaterial.STMTestNGClass" tests="1" failures="0" timestamp="17 Apr 2018 13:17:29 GMT" time="5.388" errors="0">
  <testcase name="openMyBlog" time="5.388" classname="softwareTestingMaterial.STMTestNGClass"/>
</testsuite> <!-- softwareTestingMaterial.STMTestNGClass -->
